<?xml version="1.0" encoding="UTF-8"?>
<!-- Generated by org.testng.reporters.JUnitXMLReporter -->
<testsuite ignored="0" hostname="BEN-BLR-COM-082" failures="0" tests="3" name="Test" time="27.264" errors="0" timestamp="2022-09-11T10:33:05 IST">
  <testcase classname="testcases.BaseClass3" name="@BeforeTest DataSetUp" time="0.024">
    <failure type="java.lang.NullPointerException" message="Cannot invoke &amp;quot;org.apache.poi.xssf.usermodel.XSSFWorkbook.getSheet(String)&amp;quot; because &amp;quot;this.wbook&amp;quot; is null">
      <![CDATA[java.lang.NullPointerException: Cannot invoke "org.apache.poi.xssf.usermodel.XSSFWorkbook.getSheet(String)" because "this.wbook" is null
at testcases.BaseClass3.DataSetUp(BaseClass3.java:28)
... Removed 24 stack frames]]>
    </failure>
  </testcase> <!-- @BeforeTest DataSetUp -->
  <testcase classname="testcases.BaseClass3" name="@AfterTest DataClean" time="0.0">
    <skipped/>
  </testcase> <!-- @AfterTest DataClean -->
  <testcase classname="testcases.SimplillearnLoginTest" name="Test1" time="0.001">
    <skipped/>
  </testcase> <!-- Test1 -->
  <testcase classname="testcases.SimplillearnLoginTest" name="Test3" time="0.0">
    <skipped/>
  </testcase> <!-- Test3 -->
  <testcase classname="testcases.HomeTest" name="test1" time="0.005"/>
</testsuite> <!-- Test -->
