<?xml version="1.0" encoding="UTF-8"?>
<testng-results skipped="0" failed="0" ignored="0" total="2" passed="2">
  <reporter-output>
  </reporter-output>
  <suite name="Suite" duration-ms="57044" started-at="2022-09-18T12:06:47 IST" finished-at="2022-09-18T12:07:44 IST">
    <groups>
    </groups>
    <test name="Test" duration-ms="57044" started-at="2022-09-18T12:06:47 IST" finished-at="2022-09-18T12:07:44 IST">
      <class name="testcases.SimplillearnLoginTest">
        <test-method status="PASS" signature="DataSetUp()[pri:0, instance:testcases.SimplillearnLoginTest@1f57539]" name="DataSetUp" is-config="true" duration-ms="2094" started-at="2022-09-18T12:06:47 IST" finished-at="2022-09-18T12:06:49 IST">
          <reporter-output>
          </reporter-output>
        </test-method> <!-- DataSetUp -->
        <test-method status="PASS" signature="Setup(java.lang.reflect.Method)[pri:0, instance:testcases.SimplillearnLoginTest@1f57539]" name="Setup" is-config="true" duration-ms="12565" started-at="2022-09-18T12:06:49 IST" finished-at="2022-09-18T12:07:02 IST">
          <params>
            <param index="0">
              <value>
                <![CDATA[public void testcases.SimplillearnLoginTest.Test1()]]>
              </value>
            </param>
          </params>
          <reporter-output>
          </reporter-output>
        </test-method> <!-- Setup -->
        <test-method status="PASS" signature="Test1()[pri:0, instance:testcases.SimplillearnLoginTest@1f57539]" name="Test1" duration-ms="15088" started-at="2022-09-18T12:07:02 IST" finished-at="2022-09-18T12:07:17 IST">
          <reporter-output>
          </reporter-output>
        </test-method> <!-- Test1 -->
        <test-method status="PASS" signature="TearDown()[pri:0, instance:testcases.SimplillearnLoginTest@1f57539]" name="TearDown" is-config="true" duration-ms="1395" started-at="2022-09-18T12:07:17 IST" finished-at="2022-09-18T12:07:18 IST">
          <reporter-output>
          </reporter-output>
        </test-method> <!-- TearDown -->
        <test-method status="PASS" signature="Setup(java.lang.reflect.Method)[pri:0, instance:testcases.SimplillearnLoginTest@1f57539]" name="Setup" is-config="true" duration-ms="7175" started-at="2022-09-18T12:07:18 IST" finished-at="2022-09-18T12:07:26 IST">
          <params>
            <param index="0">
              <value>
                <![CDATA[public void testcases.SimplillearnLoginTest.Test3()]]>
              </value>
            </param>
          </params>
          <reporter-output>
          </reporter-output>
        </test-method> <!-- Setup -->
        <test-method status="PASS" signature="Test3()[pri:0, instance:testcases.SimplillearnLoginTest@1f57539]" name="Test3" duration-ms="15005" started-at="2022-09-18T12:07:26 IST" finished-at="2022-09-18T12:07:41 IST">
          <reporter-output>
          </reporter-output>
        </test-method> <!-- Test3 -->
        <test-method status="PASS" signature="TearDown()[pri:0, instance:testcases.SimplillearnLoginTest@1f57539]" name="TearDown" is-config="true" duration-ms="2732" started-at="2022-09-18T12:07:41 IST" finished-at="2022-09-18T12:07:43 IST">
          <reporter-output>
          </reporter-output>
        </test-method> <!-- TearDown -->
        <test-method status="PASS" signature="DataClean()[pri:0, instance:testcases.SimplillearnLoginTest@1f57539]" name="DataClean" is-config="true" duration-ms="890" started-at="2022-09-18T12:07:43 IST" finished-at="2022-09-18T12:07:44 IST">
          <reporter-output>
          </reporter-output>
        </test-method> <!-- DataClean -->
      </class> <!-- testcases.SimplillearnLoginTest -->
    </test> <!-- Test -->
  </suite> <!-- Suite -->
</testng-results>
