<?xml version="1.0" encoding="UTF-8"?>
<testng-results ignored="0" total="1" passed="1" failed="0" skipped="0">
  <reporter-output>
  </reporter-output>
  <suite started-at="2022-09-11T10:48:48 IST" name="Default suite" finished-at="2022-09-11T10:49:07 IST" duration-ms="19426">
    <groups>
    </groups>
    <test started-at="2022-09-11T10:48:48 IST" name="Default test" finished-at="2022-09-11T10:49:07 IST" duration-ms="19426">
      <class name="testcases.SimplillearnLoginTest">
        <test-method is-config="true" signature="DataSetUp()[pri:0, instance:testcases.SimplillearnLoginTest@2b91004a]" started-at="2022-09-11T10:48:48 IST" name="DataSetUp" finished-at="2022-09-11T10:48:49 IST" duration-ms="1202" status="PASS">
          <reporter-output>
          </reporter-output>
        </test-method> <!-- DataSetUp -->
        <test-method is-config="true" signature="Setup()[pri:0, instance:testcases.SimplillearnLoginTest@2b91004a]" started-at="2022-09-11T10:48:49 IST" name="Setup" finished-at="2022-09-11T10:48:57 IST" duration-ms="7794" status="PASS">
          <reporter-output>
          </reporter-output>
        </test-method> <!-- Setup -->
        <test-method signature="Test3()[pri:0, instance:testcases.SimplillearnLoginTest@2b91004a]" started-at="2022-09-11T10:48:57 IST" name="Test3" finished-at="2022-09-11T10:49:05 IST" duration-ms="8800" status="PASS">
          <reporter-output>
          </reporter-output>
        </test-method> <!-- Test3 -->
        <test-method is-config="true" signature="TearDown()[pri:0, instance:testcases.SimplillearnLoginTest@2b91004a]" started-at="2022-09-11T10:49:05 IST" name="TearDown" finished-at="2022-09-11T10:49:07 IST" duration-ms="1553" status="PASS">
          <reporter-output>
          </reporter-output>
        </test-method> <!-- TearDown -->
        <test-method is-config="true" signature="DataClean()[pri:0, instance:testcases.SimplillearnLoginTest@2b91004a]" started-at="2022-09-11T10:49:07 IST" name="DataClean" finished-at="2022-09-11T10:49:07 IST" duration-ms="1" status="PASS">
          <reporter-output>
          </reporter-output>
        </test-method> <!-- DataClean -->
      </class> <!-- testcases.SimplillearnLoginTest -->
    </test> <!-- Default test -->
  </suite> <!-- Default suite -->
</testng-results>
